<?xml version="1.0" encoding="UTF-8"?>
<testng-results skipped="0" failed="0" total="1" passed="1">
  <reporter-output>
  </reporter-output>
  <suite name="Suite1" duration-ms="10220" started-at="2018-05-10T11:20:39Z" finished-at="2018-05-10T11:20:49Z">
    <groups>
    </groups>
    <test name="test1" duration-ms="10220" started-at="2018-05-10T11:20:39Z" finished-at="2018-05-10T11:20:49Z">
      <class name="com.test.selenium.TestHello">
        <test-method status="PASS" signature="init()[pri:0, instance:com.test.selenium.TestHello@6442b0a6]" name="init" duration-ms="10212" started-at="2018-05-10T16:50:39Z" finished-at="2018-05-10T16:50:49Z">
          <reporter-output>
          </reporter-output>
        </test-method> <!-- init -->
      </class> <!-- com.test.selenium.TestHello -->
    </test> <!-- test1 -->
  </suite> <!-- Suite1 -->
</testng-results>
