<?xml version="1.0" encoding="UTF-8"?>
<testng-results skipped="0" failed="0" total="2" passed="2">
  <reporter-output>
  </reporter-output>
  <suite name="Suite1" duration-ms="24582" started-at="2018-05-12T04:31:36Z" finished-at="2018-05-12T04:32:01Z">
    <groups>
    </groups>
    <test name="test1" duration-ms="24582" started-at="2018-05-12T04:31:36Z" finished-at="2018-05-12T04:32:01Z">
      <class name="com.test.selenium.TestLogin">
        <test-method status="PASS" signature="launch()[pri:0, instance:com.test.selenium.TestLogin@1753acfe]" name="launch" duration-ms="12846" started-at="2018-05-12T10:01:48Z" finished-at="2018-05-12T10:02:01Z">
          <reporter-output>
          </reporter-output>
        </test-method> <!-- launch -->
      </class> <!-- com.test.selenium.TestLogin -->
      <class name="com.test.selenium.TestHello">
        <test-method status="PASS" signature="setup()[pri:0, instance:com.test.selenium.TestHello@643b1d11]" name="setup" duration-ms="11726" started-at="2018-05-12T10:01:36Z" finished-at="2018-05-12T10:01:48Z">
          <reporter-output>
          </reporter-output>
        </test-method> <!-- setup -->
      </class> <!-- com.test.selenium.TestHello -->
    </test> <!-- test1 -->
  </suite> <!-- Suite1 -->
</testng-results>
